Warning: ignoring unsupported tag `ALLOW_UNICODE_NAMES    =' at line 79, file /home/travis/build/Elyas-Crimean/hw4-print-ip/Doxyfile
Warning: ignoring unsupported tag `TOC_INCLUDE_HEADINGS   =' at line 313, file /home/travis/build/Elyas-Crimean/hw4-print-ip/Doxyfile
Warning: ignoring unsupported tag `GROUP_NESTED_COMPOUNDS =' at line 370, file /home/travis/build/Elyas-Crimean/hw4-print-ip/Doxyfile
Warning: ignoring unsupported tag `HIDE_COMPOUND_REFERENCE=' at line 541, file /home/travis/build/Elyas-Crimean/hw4-print-ip/Doxyfile
Warning: ignoring unsupported tag `WARN_AS_ERROR          =' at line 765, file /home/travis/build/Elyas-Crimean/hw4-print-ip/Doxyfile
Warning: Tag `CLANG_ASSISTED_PARSING' at line 1082 of file /home/travis/build/Elyas-Crimean/hw4-print-ip/Doxyfile belongs to an option that was not enabled at compile time.
To avoid this warning please remove this line from your configuration file, upgrade it using "doxygen -u", or recompile doxygen with this feature enabled.
Warning: Tag `CLANG_OPTIONS' at line 1090 of file /home/travis/build/Elyas-Crimean/hw4-print-ip/Doxyfile belongs to an option that was not enabled at compile time.
To avoid this warning please remove this line from your configuration file, upgrade it using "doxygen -u", or recompile doxygen with this feature enabled.
Warning: ignoring unsupported tag `LATEX_EXTRA_STYLESHEET =' at line 1762, file /home/travis/build/Elyas-Crimean/hw4-print-ip/Doxyfile
Warning: ignoring unsupported tag `LATEX_TIMESTAMP        =' at line 1829, file /home/travis/build/Elyas-Crimean/hw4-print-ip/Doxyfile
Warning: ignoring unsupported tag `RTF_SOURCE_CODE        =' at line 1895, file /home/travis/build/Elyas-Crimean/hw4-print-ip/Doxyfile
Warning: ignoring unsupported tag `MAN_SUBDIR             =' at line 1930, file /home/travis/build/Elyas-Crimean/hw4-print-ip/Doxyfile
Warning: ignoring unsupported tag `DOCBOOK_PROGRAMLISTING =' at line 1993, file /home/travis/build/Elyas-Crimean/hw4-print-ip/Doxyfile
Warning: ignoring unsupported tag `PLANTUML_JAR_PATH      =' at line 2424, file /home/travis/build/Elyas-Crimean/hw4-print-ip/Doxyfile
Warning: ignoring unsupported tag `PLANTUML_CFG_FILE      =' at line 2429, file /home/travis/build/Elyas-Crimean/hw4-print-ip/Doxyfile
Warning: ignoring unsupported tag `PLANTUML_INCLUDE_PATH  =' at line 2434, file /home/travis/build/Elyas-Crimean/hw4-print-ip/Doxyfile
Searching for include files...
Searching for example files...
Searching for images...
Searching for dot files...
Searching for msc files...
Searching for dia files...
Searching for files to exclude
Searching for files to process...
Searching for files in directory /home/travis/build/Elyas-Crimean/hw4-print-ip
Reading and parsing tag files
Parsing files
Preprocessing /home/travis/build/Elyas-Crimean/hw4-print-ip/print_ip.cpp...
Parsing file /home/travis/build/Elyas-Crimean/hw4-print-ip/print_ip.cpp...
Preprocessing /home/travis/build/Elyas-Crimean/hw4-print-ip/print_ip.hpp...
Parsing file /home/travis/build/Elyas-Crimean/hw4-print-ip/print_ip.hpp...
Reading /home/travis/build/Elyas-Crimean/hw4-print-ip/README.md...
Building group list...
Building directory list...
Building namespace list...
Building file list...
Building class list...
Associating documentation with classes...
Computing nesting relations for classes...
Building example list...
Searching for enumerations...
Searching for documented typedefs...
Searching for members imported via using declarations...
Searching for included using directives...
Searching for documented variables...
Building interface member list...
Building member list...
Searching for friends...
Searching for documented defines...
Computing class inheritance relations...
Computing class usage relations...
Flushing cached template relations that have become invalid...
Creating members for template instances...
Computing class relations...
Add enum values to enums...
Searching for member function documentation...
Building page list...
Search for main page...
Computing page relations...
Determining the scope of groups...
Sorting lists...
Freeing entry tree
Determining which enums are documented
Computing member relations...
Building full member lists recursively...
Adding members to member groups.
Computing member references...
Inheriting documentation...
Generating disk names...
Adding source references...
Adding xrefitems...
Sorting member lists...
Computing dependencies between directories...
Generating citations page...
Counting data structures...
Resolving user defined references...
Finding anchors and sections in the documentation...
Transferring function references...
Combining using relations...
Adding members to index pages...
Generating style sheet...
Generating search indices...
Generating example documentation...
Generating file sources...
Generating code for file /home/travis/build/Elyas-Crimean/hw4-print-ip/print_ip.hpp...
Generating file documentation...
Generating docs for file /home/travis/build/Elyas-Crimean/hw4-print-ip/print_ip.cpp...
Generating docs for file /home/travis/build/Elyas-Crimean/hw4-print-ip/print_ip.hpp...
Generating docs for file /home/travis/build/Elyas-Crimean/hw4-print-ip/README.md...
Generating page documentation...
Generating docs for page md__home_travis_build_Elyas-Crimean_hw4-print-ip_README...
Generating group documentation...
Generating class documentation...
Generating docs for compound is_container...
Generating docs for compound is_container< T, std::conditional_t< false, is_container_helper< typename T::value_type, typename T::size_type, typename T::allocator_type, typename T::iterator, typename T::const_iterator, decltype(std::declval< T >().size()), decltype(std::declval< T >().begin()), decltype(std::declval< T >().end()), decltype(std::declval< T >().cbegin()), decltype(std::declval< T >().cend()) >, void > >...
Generating docs for compound is_container_helper...
Generating docs for compound print_tuple...
Generating docs for compound print_tuple< 0, Ts...>...
Generating namespace index...
Generating graph info page...
Generating directory documentation...
Generating index page...
Generating page index...
Generating module index...
Generating namespace index...
Generating namespace member index...
Generating annotated compound index...
Generating alphabetical compound index...
Generating hierarchical class index...
Generating graphical class hierarchy...
Generating member index...
Generating file index...
Generating file member index...
Generating example index...
finalizing index lists...
Running dot...
Generating dot graphs using 18 parallel threads...
Running dot for graph 1/13
Running dot for graph 2/13
Running dot for graph 3/13
Running dot for graph 4/13
Running dot for graph 5/13
Running dot for graph 6/13
Running dot for graph 7/13
Running dot for graph 8/13
Running dot for graph 9/13
Running dot for graph 10/13
Running dot for graph 11/13
Running dot for graph 12/13
Running dot for graph 13/13
Patching output file 1/5
Patching output file 2/5
Patching output file 3/5
Patching output file 4/5
Patching output file 5/5
lookup cache used 12/65536 hits=29 misses=12
finished...
